f:\服务部svn\documents\相关文档\培训相关\北斗星api培训\tapapidemo\demo\windows\itaptradeapi_demo\debug\simpleevent.obj
f:\服务部svn\documents\相关文档\培训相关\北斗星api培训\tapapidemo\demo\windows\itaptradeapi_demo\debug\vc110.pdb
f:\服务部svn\documents\相关文档\培训相关\北斗星api培训\tapapidemo\demo\windows\itaptradeapi_demo\debug\trade.obj
f:\服务部svn\documents\相关文档\培训相关\北斗星api培训\tapapidemo\demo\windows\itaptradeapi_demo\debug\demo.obj
f:\服务部svn\documents\相关文档\培训相关\北斗星api培训\tapapidemo\api\lib\win32\itaptradeapi_demo.ilk
f:\服务部svn\documents\相关文档\培训相关\北斗星api培训\tapapidemo\api\lib\win32\itaptradeapi_demo.exe
f:\服务部svn\documents\相关文档\培训相关\北斗星api培训\tapapidemo\api\lib\win32\itaptradeapi_demo.pdb
f:\上海9.0api培训2017\tapapidemo\demo\windows\itaptradeapi_demo\debug\vc140.pdb
f:\上海9.0api培训2017\tapapidemo\demo\windows\itaptradeapi_demo\debug\vc140.idb
f:\上海9.0api培训2017\tapapidemo\demo\windows\itaptradeapi_demo\debug\simpleevent.obj
f:\上海9.0api培训2017\tapapidemo\demo\windows\itaptradeapi_demo\debug\demo.obj
f:\上海9.0api培训2017\tapapidemo\demo\windows\itaptradeapi_demo\debug\trade.obj
f:\上海9.0api培训2017\tapapidemo\api\lib\win32\itaptradeapi_demo.ilk
f:\上海9.0api培训2017\tapapidemo\api\lib\win32\itaptradeapi_demo.exe
f:\上海9.0api培训2017\tapapidemo\api\lib\win32\itaptradeapi_demo.pdb
f:\上海9.0api培训2017\tapapidemo\demo\windows\itaptradeapi_demo\debug\cl.command.1.tlog
f:\上海9.0api培训2017\tapapidemo\demo\windows\itaptradeapi_demo\debug\cl.read.1.tlog
f:\上海9.0api培训2017\tapapidemo\demo\windows\itaptradeapi_demo\debug\cl.write.1.tlog
f:\上海9.0api培训2017\tapapidemo\demo\windows\itaptradeapi_demo\debug\link-cvtres.read.1.tlog
f:\上海9.0api培训2017\tapapidemo\demo\windows\itaptradeapi_demo\debug\link-cvtres.write.1.tlog
f:\上海9.0api培训2017\tapapidemo\demo\windows\itaptradeapi_demo\debug\link-rc.read.1.tlog
f:\上海9.0api培训2017\tapapidemo\demo\windows\itaptradeapi_demo\debug\link-rc.write.1.tlog
f:\上海9.0api培训2017\tapapidemo\demo\windows\itaptradeapi_demo\debug\link.12828-cvtres.read.1.tlog
f:\上海9.0api培训2017\tapapidemo\demo\windows\itaptradeapi_demo\debug\link.12828-cvtres.write.1.tlog
f:\上海9.0api培训2017\tapapidemo\demo\windows\itaptradeapi_demo\debug\link.12828-rc.read.1.tlog
f:\上海9.0api培训2017\tapapidemo\demo\windows\itaptradeapi_demo\debug\link.12828-rc.write.1.tlog
f:\上海9.0api培训2017\tapapidemo\demo\windows\itaptradeapi_demo\debug\link.12828.read.1.tlog
f:\上海9.0api培训2017\tapapidemo\demo\windows\itaptradeapi_demo\debug\link.12828.write.1.tlog
f:\上海9.0api培训2017\tapapidemo\demo\windows\itaptradeapi_demo\debug\link.1660-cvtres.read.1.tlog
f:\上海9.0api培训2017\tapapidemo\demo\windows\itaptradeapi_demo\debug\link.1660-cvtres.write.1.tlog
f:\上海9.0api培训2017\tapapidemo\demo\windows\itaptradeapi_demo\debug\link.1660-rc.read.1.tlog
f:\上海9.0api培训2017\tapapidemo\demo\windows\itaptradeapi_demo\debug\link.1660-rc.write.1.tlog
f:\上海9.0api培训2017\tapapidemo\demo\windows\itaptradeapi_demo\debug\link.1660.read.1.tlog
f:\上海9.0api培训2017\tapapidemo\demo\windows\itaptradeapi_demo\debug\link.1660.write.1.tlog
f:\上海9.0api培训2017\tapapidemo\demo\windows\itaptradeapi_demo\debug\link.command.1.tlog
f:\上海9.0api培训2017\tapapidemo\demo\windows\itaptradeapi_demo\debug\link.read.1.tlog
f:\上海9.0api培训2017\tapapidemo\demo\windows\itaptradeapi_demo\debug\link.write.1.tlog
f:\上海9.0api培训2017\tapapidemo\demo\windows\itaptradeapi_demo\debug\vc110.idb
f:\上海9.0api培训2017\tapapidemo\demo\windows\itaptradeapi_demo\debug\vc110.pdb
f:\上海9.0api培训2017\tapapidemo\demo\windows\..\..\api\lib\win32\itaptradeapi_demo.pdb
f:\上海9.0api培训2017\tapapidemo\demo\windows\..\..\api\lib\win32\itaptradeapi_demo.exe
f:\上海9.0api培训2017\tapapidemo\demo\windows\..\..\api\lib\win32\itaptradeapi_demo.ilk
f:\上海9.0api培训2017\tapapidemo\demo\windows\itaptradeapi_demo\debug\itaptrad.57035034.tlog\cl.command.1.tlog
f:\上海9.0api培训2017\tapapidemo\demo\windows\itaptradeapi_demo\debug\itaptrad.57035034.tlog\cl.read.1.tlog
f:\上海9.0api培训2017\tapapidemo\demo\windows\itaptradeapi_demo\debug\itaptrad.57035034.tlog\cl.write.1.tlog
f:\上海9.0api培训2017\tapapidemo\demo\windows\itaptradeapi_demo\debug\itaptrad.57035034.tlog\link.command.1.tlog
f:\上海9.0api培训2017\tapapidemo\demo\windows\itaptradeapi_demo\debug\itaptrad.57035034.tlog\link.read.1.tlog
f:\上海9.0api培训2017\tapapidemo\demo\windows\itaptradeapi_demo\debug\itaptrad.57035034.tlog\link.write.1.tlog
