F:\服务部SVN\DOCUMENTS\相关文档\培训相关\北斗星API培训\TAPAPIDEMO\DEMO\WINDOWS\TAPQUOTEAPI_DEMO\DEBUG\VC110.PDB
F:\服务部SVN\DOCUMENTS\相关文档\培训相关\北斗星API培训\TAPAPIDEMO\DEMO\WINDOWS\TAPQUOTEAPI_DEMO\DEBUG\SIMPLEEVENT.OBJ
F:\服务部SVN\DOCUMENTS\相关文档\培训相关\北斗星API培训\TAPAPIDEMO\DEMO\WINDOWS\TAPQUOTEAPI_DEMO\DEBUG\DEMO.OBJ
F:\服务部SVN\DOCUMENTS\相关文档\培训相关\北斗星API培训\TAPAPIDEMO\DEMO\WINDOWS\TAPQUOTEAPI_DEMO\DEBUG\QUOTE.OBJ
F:\服务部svn\documents\相关文档\培训相关\北斗星API培训\TapAPIDemo\demo\windows\TapQuoteAPI_Demo\Debug\Demo.obj
F:\服务部svn\documents\相关文档\培训相关\北斗星API培训\TapAPIDemo\demo\windows\TapQuoteAPI_Demo\Debug\Quote.obj
F:\服务部svn\documents\相关文档\培训相关\北斗星API培训\TapAPIDemo\demo\windows\TapQuoteAPI_Demo\Debug\SimpleEvent.obj
F:\服务部svn\documents\相关文档\培训相关\北斗星API培训\TapAPIDemo\demo\windows\TapQuoteAPI_Demo\Debug\cl.command.1.tlog
F:\服务部svn\documents\相关文档\培训相关\北斗星API培训\TapAPIDemo\demo\windows\TapQuoteAPI_Demo\Debug\CL.read.1.tlog
F:\服务部svn\documents\相关文档\培训相关\北斗星API培训\TapAPIDemo\demo\windows\TapQuoteAPI_Demo\Debug\CL.write.1.tlog
F:\服务部svn\documents\相关文档\培训相关\北斗星API培训\TapAPIDemo\demo\windows\TapQuoteAPI_Demo\Debug\link-cvtres.read.1.tlog
F:\服务部svn\documents\相关文档\培训相关\北斗星API培训\TapAPIDemo\demo\windows\TapQuoteAPI_Demo\Debug\link-cvtres.write.1.tlog
F:\服务部svn\documents\相关文档\培训相关\北斗星API培训\TapAPIDemo\demo\windows\TapQuoteAPI_Demo\Debug\link-rc.read.1.tlog
F:\服务部svn\documents\相关文档\培训相关\北斗星API培训\TapAPIDemo\demo\windows\TapQuoteAPI_Demo\Debug\link-rc.write.1.tlog
F:\服务部svn\documents\相关文档\培训相关\北斗星API培训\TapAPIDemo\demo\windows\TapQuoteAPI_Demo\Debug\link.command.1.tlog
F:\服务部svn\documents\相关文档\培训相关\北斗星API培训\TapAPIDemo\demo\windows\TapQuoteAPI_Demo\Debug\link.read.1.tlog
F:\服务部svn\documents\相关文档\培训相关\北斗星API培训\TapAPIDemo\demo\windows\TapQuoteAPI_Demo\Debug\link.write.1.tlog
F:\服务部svn\documents\相关文档\培训相关\北斗星API培训\TapAPIDemo\demo\windows\TapQuoteAPI_Demo\Debug\vc110.idb
F:\服务部svn\documents\相关文档\培训相关\北斗星API培训\TapAPIDemo\demo\windows\TapQuoteAPI_Demo\Debug\vc110.pdb
F:\服务部svn\documents\相关文档\培训相关\北斗星API培训\TapAPIDemo\demo\windows\..\..\api\lib\win32\TapQuoteAPI_Demo.pdb
F:\服务部svn\documents\相关文档\培训相关\北斗星API培训\TapAPIDemo\demo\windows\..\..\api\lib\win32\TapQuoteAPI_Demo.exe
F:\服务部svn\documents\相关文档\培训相关\北斗星API培训\TapAPIDemo\demo\windows\..\..\api\lib\win32\TapQuoteAPI_Demo.ilk
